<?xml version="1.0" encoding="UTF-8"?>
<testsuite name="com.hastaa.datausagemonitor.AppDataUsageTest" tests="2" skipped="0" failures="0" errors="0" timestamp="2026-09-16T09:07:04.288Z" hostname="VNEU-Hasta.local" time="0.017">
  <properties/>
  <testcase name="testTotalBytesCalculation" classname="com.hastaa.datausagemonitor.AppDataUsageTest" time="0.001"/>
  <testcase name="testSortingByTotalUsage" classname="com.hastaa.datausagemonitor.AppDataUsageTest" time="0.015"/>
  <system-out><![CDATA[]]></system-out>
  <system-err><![CDATA[]]></system-err>
</testsuite>
