<?xml version="1.0" encoding="UTF-8"?>
<testsuite name="com.hastaa.datausagemonitor.ByteFormatterTest" tests="6" skipped="0" failures="0" errors="0" timestamp="2026-09-16T09:07:04.308Z" hostname="VNEU-Hasta.local" time="0.017">
  <properties/>
  <testcase name="testKilobytes" classname="com.hastaa.datausagemonitor.ByteFormatterTest" time="0.014"/>
  <testcase name="testBytesUnderOneKilobyte" classname="com.hastaa.datausagemonitor.ByteFormatterTest" time="0.0"/>
  <testcase name="testZeroBytes" classname="com.hastaa.datausagemonitor.ByteFormatterTest" time="0.0"/>
  <testcase name="testFormatParts" classname="com.hastaa.datausagemonitor.ByteFormatterTest" time="0.0"/>
  <testcase name="testMegabytes" classname="com.hastaa.datausagemonitor.ByteFormatterTest" time="0.0"/>
  <testcase name="testGigabytes" classname="com.hastaa.datausagemonitor.ByteFormatterTest" time="0.0"/>
  <system-out><![CDATA[]]></system-out>
  <system-err><![CDATA[]]></system-err>
</testsuite>
