<?xml version="1.0" encoding="UTF-8"?>
<testsuite name="com.hastaa.datausagemonitor.UsagePeriodTest" tests="3" skipped="0" failures="0" errors="0" timestamp="2026-09-16T09:07:04.326Z" hostname="VNEU-Hasta.local" time="0.008">
  <properties/>
  <testcase name="testTodayTimeRange" classname="com.hastaa.datausagemonitor.UsagePeriodTest" time="0.006"/>
  <testcase name="testThisMonthTimeRange" classname="com.hastaa.datausagemonitor.UsagePeriodTest" time="0.0"/>
  <testcase name="testThisWeekTimeRange" classname="com.hastaa.datausagemonitor.UsagePeriodTest" time="0.002"/>
  <system-out><![CDATA[]]></system-out>
  <system-err><![CDATA[]]></system-err>
</testsuite>
